<?xml version="1.0" encoding="UTF-8"?>
<testsuite xmlns:xsi="http://www.w3.org/2001/XMLSchema-instance" xsi:noNamespaceSchemaLocation="https://maven.apache.org/surefire/maven-surefire-plugin/xsd/surefire-test-report-3.0.xsd" version="3.0" name="com.talant.heapsort.HeapSortTest" time="0.043" tests="6" errors="0" skipped="0" failures="0">
  <properties>
    <property name="java.specification.version" value="17"/>
    <property name="sun.cpu.isalist" value="amd64"/>
    <property name="sun.jnu.encoding" value="GBK"/>
    <property name="java.class.path" value="C:\myjava\assignment2-heap-sort\target\test-classes;C:\myjava\assignment2-heap-sort\target\classes;C:\Users\talan\.m2\repository\junit\junit\4.13.2\junit-4.13.2.jar;C:\Users\talan\.m2\repository\org\hamcrest\hamcrest-core\1.3\hamcrest-core-1.3.jar;"/>
    <property name="java.vm.vendor" value="Eclipse Adoptium"/>
    <property name="sun.arch.data.model" value="64"/>
    <property name="user.variant" value=""/>
    <property name="java.vendor.url" value="https://adoptium.net/"/>
    <property name="user.timezone" value="Asia/Qyzylorda"/>
    <property name="os.name" value="Windows 11"/>
    <property name="java.vm.specification.version" value="17"/>
    <property name="sun.java.launcher" value="SUN_STANDARD"/>
    <property name="user.country" value="CN"/>
    <property name="sun.boot.library.path" value="D:\bin"/>
    <property name="sun.java.command" value="C:\Users\talan\AppData\Local\Temp\surefire17233894922836914000\surefirebooter-20251005173955943_3.jar C:\Users\talan\AppData\Local\Temp\surefire17233894922836914000 2025-10-05T17-39-53_668-jvmRun1 surefire-20251005173955943_1tmp surefire_0-20251005173955943_2tmp"/>
    <property name="jdk.debug" value="release"/>
    <property name="surefire.test.class.path" value="C:\myjava\assignment2-heap-sort\target\test-classes;C:\myjava\assignment2-heap-sort\target\classes;C:\Users\talan\.m2\repository\junit\junit\4.13.2\junit-4.13.2.jar;C:\Users\talan\.m2\repository\org\hamcrest\hamcrest-core\1.3\hamcrest-core-1.3.jar;"/>
    <property name="sun.cpu.endian" value="little"/>
    <property name="user.home" value="C:\Users\talan"/>
    <property name="user.language" value="zh"/>
    <property name="java.specification.vendor" value="Oracle Corporation"/>
    <property name="java.version.date" value="2025-07-15"/>
    <property name="java.home" value="D:"/>
    <property name="file.separator" value="\"/>
    <property name="basedir" value="C:\myjava\assignment2-heap-sort"/>
    <property name="java.vm.compressedOopsMode" value="Zero based"/>
    <property name="line.separator" value="&#10;"/>
    <property name="java.vm.specification.vendor" value="Oracle Corporation"/>
    <property name="java.specification.name" value="Java Platform API Specification"/>
    <property name="surefire.real.class.path" value="C:\Users\talan\AppData\Local\Temp\surefire17233894922836914000\surefirebooter-20251005173955943_3.jar"/>
    <property name="user.script" value=""/>
    <property name="sun.management.compiler" value="HotSpot 64-Bit Tiered Compilers"/>
    <property name="java.runtime.version" value="17.0.16+8"/>
    <property name="user.name" value="talan"/>
    <property name="path.separator" value=";"/>
    <property name="os.version" value="10.0"/>
    <property name="java.runtime.name" value="OpenJDK Runtime Environment"/>
    <property name="file.encoding" value="GBK"/>
    <property name="java.vm.name" value="OpenJDK 64-Bit Server VM"/>
    <property name="java.vendor.version" value="Temurin-17.0.16+8"/>
    <property name="localRepository" value="C:\Users\talan\.m2\repository"/>
    <property name="java.vendor.url.bug" value="https://github.com/adoptium/adoptium-support/issues"/>
    <property name="java.io.tmpdir" value="C:\Users\talan\AppData\Local\Temp\"/>
    <property name="java.version" value="17.0.16"/>
    <property name="user.dir" value="C:\myjava\assignment2-heap-sort"/>
    <property name="os.arch" value="amd64"/>
    <property name="java.vm.specification.name" value="Java Virtual Machine Specification"/>
    <property name="sun.os.patch.level" value=""/>
    <property name="native.encoding" value="GBK"/>
    <property name="java.library.path" value="D:\bin;C:\WINDOWS\Sun\Java\bin;C:\WINDOWS\system32;C:\WINDOWS;D:\bin;C:\Program Files (x86)\Common Files\Oracle\Java\java8path;C:\Program Files (x86)\Common Files\Oracle\Java\javapath;C:\Windows\system32;C:\Windows;C:\Windows\System32\Wbem;C:\Windows\System32\WindowsPowerShell\v1.0\;C:\Windows\System32\OpenSSH\;C:\Program Files (x86)\NVIDIA Corporation\PhysX\Common;C:\Program Files\NVIDIA Corporation\NVIDIA app\NvDLISR;C:\WINDOWS\system32;C:\WINDOWS;C:\WINDOWS\System32\Wbem;C:\WINDOWS\System32\WindowsPowerShell\v1.0\;C:\WINDOWS\System32\OpenSSH\;C:\Program Files\dotnet\;C:\Program Files\Git\cmd;D:\apache-maven-3.9.11-bin\bin;D:\apache-maven-3.9.11-bin\apache-maven-3.9.11\bin;C:\Users\talan\AppData\Local\Programs\Python\Python313\Scripts\;C:\Users\talan\AppData\Local\Programs\Python\Python313\;C:\Users\talan\AppData\Local\Microsoft\WindowsApps;D:\Microsoft VS Code\bin;c:\Users\talan\AppData\Roaming\Code\User\globalStorage\github.copilot-chat\debugCommand;."/>
    <property name="java.vm.info" value="mixed mode, sharing"/>
    <property name="java.vendor" value="Eclipse Adoptium"/>
    <property name="java.vm.version" value="17.0.16+8"/>
    <property name="java.specification.maintenance.version" value="1"/>
    <property name="sun.io.unicode.encoding" value="UnicodeLittle"/>
    <property name="java.class.version" value="61.0"/>
  </properties>
  <testcase name="testDuplicates" classname="com.talant.heapsort.HeapSortTest" time="0.005"/>
  <testcase name="testSingleElement" classname="com.talant.heapsort.HeapSortTest" time="0.0"/>
  <testcase name="testEmptyArray" classname="com.talant.heapsort.HeapSortTest" time="0.0"/>
  <testcase name="testSort" classname="com.talant.heapsort.HeapSortTest" time="0.0"/>
  <testcase name="testReverseSorted" classname="com.talant.heapsort.HeapSortTest" time="0.0"/>
  <testcase name="testNearlySorted" classname="com.talant.heapsort.HeapSortTest" time="0.0"/>
</testsuite>